<?xml version="1.0" encoding="UTF-8"?>
<testng-results ignored="0" total="1" passed="1" failed="0" skipped="0">
  <reporter-output>
  </reporter-output>
  <suite started-at="2022-07-08T12:24:08 IST" name="Default suite" finished-at="2022-07-08T12:26:03 IST" duration-ms="115118">
    <groups>
    </groups>
    <test started-at="2022-07-08T12:24:08 IST" name="Default test" finished-at="2022-07-08T12:26:03 IST" duration-ms="115118">
      <class name="TestCase.LandingPageTest">
        <test-method signature="ValidateTitle()[pri:0, instance:TestCase.LandingPageTest@429bffaa]" started-at="2022-07-08T12:24:08 IST" name="ValidateTitle" finished-at="2022-07-08T12:26:03 IST" duration-ms="114973" status="PASS">
          <reporter-output>
          </reporter-output>
        </test-method> <!-- ValidateTitle -->
      </class> <!-- TestCase.LandingPageTest -->
    </test> <!-- Default test -->
  </suite> <!-- Default suite -->
</testng-results>
